2024-06-09 17:59:04,141 DEBUG HsaWebModule - 설정 파일 동일성 확인.
2024-06-09 17:59:04,157 DEBUG HsaWebModule - HsaWebModule:Start.
2024-06-09 17:59:04,173 DEBUG HsaWebModule - Program Started
2024-06-09 17:59:04,173 DEBUG HsaWebModule - 현재 사용자 정보 : hsaWebModule
2024-06-09 17:59:47,421 DEBUG HsaWebModule - 설정 파일 동일성 확인.
2024-06-09 17:59:47,436 DEBUG HsaWebModule - HsaWebModule:Start.
2024-06-09 17:59:47,452 DEBUG HsaWebModule - Program Started
2024-06-09 17:59:47,546 DEBUG HsaWebModule - 현재 사용자 정보 : hsaWebModule
2024-06-09 18:01:05,743 DEBUG HsaWebModule - 설정 파일 동일성 확인.
2024-06-09 18:01:05,753 DEBUG HsaWebModule - HsaWebModule:Start.
2024-06-09 18:01:05,770 DEBUG HsaWebModule - Program Started
2024-06-09 18:01:05,882 DEBUG HsaWebModule - 현재 사용자 정보 : hsaWebModule
2024-06-09 18:01:35,741 DEBUG HsaWebModule - 설정 파일 동일성 확인.
2024-06-09 18:01:35,757 DEBUG HsaWebModule - HsaWebModule:Start.
2024-06-09 18:01:35,770 DEBUG HsaWebModule - Program Started
2024-06-09 18:01:35,784 DEBUG HsaWebModule - 현재 사용자 정보 : hsaWebModule
2024-06-09 18:01:43,070 DEBUG HsaWebModule - 설정 파일 동일성 확인.
2024-06-09 18:01:43,079 DEBUG HsaWebModule - HsaWebModule:Start.
2024-06-09 18:01:43,086 DEBUG HsaWebModule - Program Started
2024-06-09 18:02:03,368 DEBUG HsaWebModule - 설정 파일 동일성 확인.
2024-06-09 18:02:03,377 DEBUG HsaWebModule - HsaWebModule:Start.
2024-06-09 18:02:03,391 DEBUG HsaWebModule - Program Started
2024-06-09 18:02:06,148 DEBUG HsaWebModule - 현재 사용자 정보 : hsaWebModule
2024-06-09 18:02:34,938 DEBUG HsaWebModule - JWT 발급 완료. : eyJhbGciOiJIUzI1NiIsInR5cCI6IkpXVCJ9.eyJpZCI6ImQwY2NmNzU4NWQ3NDQ0OThiNzM0NGJmMjc3NTU4MzFhIiwidXNlck5hbWUiOiJoc2FXZWJNb2R1bGUiLCJleHAiOjE3MTc5MjczNTQsImlzcyI6IndzczovLzEyNy4wLjAuMTo0MDAwLyIsImF1ZCI6Imh0dHA6Ly8xMjcuMC4wLjE6NTAwMCJ9.LuM2MHYhls2mL6JJJQQZABUUseFZBb1_1BUOvlIZHzY
2024-06-09 18:02:34,950 DEBUG HsaWebModule - JWT AES 암호화 완료. : fZ4hNXPKpxWwkNHmSpOBw+ccmH8p3PphVu22VtojCbOW9V6GZcZQoGv7uqgyeziCjsh9Y4sQFlZ7MgocnREMJujp8R7UJROe1P+IJx9LgpTr1pLfq0AwTnhmKAyZbPrNUhOD0sbszF0JSwxr22lIgJI8k5Yp3fxR2piP1QRdN/o0IIlBF2ML57yVLKPPRQPEDZF4eqdII2mdlAuFqocX1m9oD12+TSjXWPUTYvdWX8LDRLJRXmRMW6X9f4p1+tj1EpeIjDVO/crRXnfkXPlWvPP4eHUfnfc5RS2/9hprvXHPpFSeUlMuU94TN194fB/hm67BOmex3kDTjwjk6LZJGUA8t14vvHbuC8dT90Wk/qsm66sDyzPd1bZnK9wi4NFP
2024-06-09 18:03:00,970 DEBUG HsaWebModule - Newtonsoft.Json.JsonReaderException: After parsing a value an unexpected character was encountered: ". Path 'Authorization', line 2, position 414.
   위치: Newtonsoft.Json.JsonTextReader.ParsePostValue(Boolean ignoreComments)
   위치: Newtonsoft.Json.JsonTextReader.Read()
   위치: Newtonsoft.Json.Serialization.JsonSerializerInternalReader.PopulateDictionary(IDictionary dictionary, JsonReader reader, JsonDictionaryContract contract, JsonProperty containerProperty, String id)
   위치: Newtonsoft.Json.Serialization.JsonSerializerInternalReader.CreateObject(JsonReader reader, Type objectType, JsonContract contract, JsonProperty member, JsonContainerContract containerContract, JsonProperty containerMember, Object existingValue)
   위치: Newtonsoft.Json.Serialization.JsonSerializerInternalReader.CreateValueInternal(JsonReader reader, Type objectType, JsonContract contract, JsonProperty member, JsonContainerContract containerContract, JsonProperty containerMember, Object existingValue)
   위치: Newtonsoft.Json.Serialization.JsonSerializerInternalReader.Deserialize(JsonReader reader, Type objectType, Boolean checkAdditionalContent)
   위치: Newtonsoft.Json.JsonSerializer.DeserializeInternal(JsonReader reader, Type objectType)
   위치: Newtonsoft.Json.JsonConvert.DeserializeObject(String value, Type type, JsonSerializerSettings settings)
   위치: Newtonsoft.Json.JsonConvert.DeserializeObject[T](String value, JsonSerializerSettings settings)
   위치: Newtonsoft.Json.JsonConvert.DeserializeObject[T](String value)
   위치: HsaWebModule.ProtocolModule.WebSocketService.ServerService.OnMessage(MessageEventArgs e) 파일 C:\Users\anhes\source\repos\HsaWebModule\HsaWebModule\HsaWebModule\ProtocolModule\WebSocketService.cs:줄 65
2024-06-09 18:03:25,824 DEBUG HsaWebModule - JWT 발급 완료. : eyJhbGciOiJIUzI1NiIsInR5cCI6IkpXVCJ9.eyJpZCI6Ijk5ZmJmNzVjYmJiODQwYjg4YmM5ODVlMDYxZGQyYzkyIiwidXNlck5hbWUiOiJoc2FXZWJNb2R1bGUiLCJleHAiOjE3MTc5Mjc0MDUsImlzcyI6IndzczovLzEyNy4wLjAuMTo0MDAwLyIsImF1ZCI6Imh0dHA6Ly8xMjcuMC4wLjE6NTAwMCJ9.3wW1reKGT2ZMMzahTd0_-1bYcTw2vKiX6hRDfHyMIh4
2024-06-09 18:03:25,825 DEBUG HsaWebModule - JWT AES 암호화 완료. : fZ4hNXPKpxWwkNHmSpOBw+ccmH8p3PphVu22VtojCbOkD3tEbJu6uxfDGGusqW/Og5bzbNpuoXFUzqXOTxY8IGRXHyH0FZEIgGReJJf8hkygtbQSpT0ktVISpExpkFK8rdIOTQE7LSSpDnOAeiBh7ZNfX+60ArZqUxUdY4VBcszuSPh4Mu9c5vl5UscVsGmWaVOL/S8zuhHUBp5tpiLexb7aeV1bjhxXgOaxsIZAPZ2KffABSl4jLhRU1q/boqfpZDcpzchiTELaRzxWzYm7wO3t+uLeqO57hq/XNZ6hAjd1SgUiu6AP/B1tgL3jbIAz505TjERt7P/YYabmlCnMOCBXiEnKG8pupN4yfxdyn6lRiiJ0BHbL/ELpfnb+YX8n
2024-06-09 18:03:37,932 DEBUG HsaWebModule - JWT AES 복호화 완료. : {"id":"99fbf75cbbb840b88bc985e061dd2c92","userName":"hsaWebModule","exp":1717927405,"iss":"wss://127.0.0.1:4000/","aud":"http://127.0.0.1:5000"}
2024-06-09 18:03:37,940 DEBUG HsaWebModule - 인가되지 않은 사용자 입니다.
2024-06-09 18:04:16,336 DEBUG HsaWebModule - JWT 발급 완료. : eyJhbGciOiJIUzI1NiIsInR5cCI6IkpXVCJ9.eyJpZCI6IjI0MDI4Y2E5YzU2NTQzMmNiOGQ3YWZhNjUyZjgzZGQ2IiwidXNlck5hbWUiOiJoc2FXZWJNb2R1bGUiLCJleHAiOjE3MTc5Mjc0NTYsImlzcyI6IndzczovLzEyNy4wLjAuMTo0MDAwLyIsImF1ZCI6Imh0dHA6Ly8xMjcuMC4wLjE6NTAwMCJ9.U00pNOVldgDiLFnyAIocfgfDx0mHfGQVlxNJBB-uZvM
2024-06-09 18:04:16,336 DEBUG HsaWebModule - JWT AES 암호화 완료. : fZ4hNXPKpxWwkNHmSpOBw+ccmH8p3PphVu22VtojCbPaPzgFysmTuRDmIIg9o136kQGcKhR3sFBARjDykizlyjLHFwkozPgMILEgfinjk1zWlvwRl69W0M/nkCWh0jzu5WY4SbCQT7TWtYvOsUIuoUIrrL4QFeSoO/hCVM08S2SmXB69lzBfgoRXqlgYnG2V9Mofw8jWoO8yk4hq3Pof5bfXaY4CPuDyFVtJAGZFXukjv/8iLqfOgzd7qL6fVZowEebRm+f9L1HwWFfjV1CeaMOKb+UdUDUm7H0cy9a5EyuXGxuLsKH340LWMRYV3FJ+xE4S1OEIgzIV9cHke4z1CbqD+Un0c2jBeLCmnDzMkajiJJSujKfo5nvzgm50I0T4
2024-06-09 18:04:26,418 DEBUG HsaWebModule - JWT AES 복호화 완료. : {"id":"24028ca9c565432cb8d7afa652f83dd6","userName":"hsaWebModule","exp":1717927456,"iss":"wss://127.0.0.1:4000/","aud":"http://127.0.0.1:5000"}
2024-06-09 18:04:26,419 DEBUG HsaWebModule - 비밀번호 대칭키 무결성 이상 없음 확인.
2024-06-09 18:04:26,419 DEBUG HsaWebModule - 유효한 JWT 토큰입니다. 사용자 : hsaWebModule
2024-06-09 18:04:26,427 DEBUG HsaWebModule - TestHttpServer:ProcessStart.
2024-06-09 18:04:26,460 DEBUG HsaWebModule - HttpListenerService listenMessage
2024-06-09 18:05:17,052 DEBUG HsaWebModule - 설정 파일 동일성 확인.
2024-06-09 18:05:17,068 DEBUG HsaWebModule - HsaWebModule:Start.
2024-06-09 18:05:17,082 DEBUG HsaWebModule - Program Started
2024-06-09 18:05:17,098 DEBUG HsaWebModule - 현재 사용자 정보 : hsaWebModule
